664.0287482738495
680.6157875061035
616.435631275177
665.7130959033966
626.4392836093903
636.819132566452
677.6094036102295
675.6350026130676
685.7977628707886
614.187769651413
618.4521405696869
626.0393073558807
671.7625665664673
610.2052669525146
613.7677700519562
625.3155674934387
625.7343466281891
618.0286328792572
616.5846908092499
676.4241714477539
693.6793644428253
674.102034330368
683.1755967140198
620.5948131084442
624.0755550861359
617.8922641277313
654.4504432678223
673.2406892776489
638.9933145046234
617.1172404289246
