2.0971927642822266
2.176405668258667
2.178985595703125
2.2414040565490723
2.3079493045806885
2.032694101333618
2.1718926429748535
2.0287442207336426
2.2782914638519287
2.1917481422424316
2.326387643814087
2.1400837898254395
2.1207427978515625
2.236896514892578
1.9822466373443604
2.1837728023529053
2.1850974559783936
2.2827751636505127
2.257340669631958
2.2392289638519287
2.03364634513855
2.1750409603118896
2.3750557899475098
2.2737700939178467
2.1335160732269287
2.295480489730835
2.1658170223236084
2.137230157852173
2.0751585960388184
2.331918954849243
