3.0471673011779785
2.832989454269409
2.855440378189087
3.0122127532958984
2.909425735473633
2.917865037918091
3.0673530101776123
2.8877100944519043
2.8346803188323975
2.8896734714508057
3.0130574703216553
2.7137451171875
2.9136059284210205
2.82637619972229
2.6331026554107666
2.9260220527648926
3.116211414337158
2.9344513416290283
2.7791287899017334
2.6980414390563965
2.924443244934082
3.026939630508423
2.753826141357422
2.981107711791992
3.0876028537750244
2.7491981983184814
2.8327176570892334
2.6184370517730713
2.6821186542510986
3.003589153289795
