0.9136745929718018
0.8778529167175293
1.0006921291351318
0.8963358402252197
1.194725513458252
1.0313091278076172
0.8739602565765381
0.894000768661499
0.9936051368713379
0.9893062114715576
1.00150465965271
0.8438787460327148
0.907395601272583
1.2195641994476318
1.1576416492462158
0.9068541526794434
0.99318528175354
0.81797194480896
1.116006851196289
0.9041750431060791
0.8702421188354492
0.8483250141143799
0.810889482498169
1.344970941543579
0.9481399059295654
1.1828174591064453
0.9655029773712158
0.8676867485046387
1.0344288349151611
1.0417463779449463
