5.33827018737793
5.043004512786865
5.438209056854248
5.368848085403442
5.055719614028931
5.565304279327393
5.364702939987183
5.4238715171813965
5.278101921081543
5.225409030914307
5.416616201400757
5.055265426635742
5.27300763130188
5.0686657428741455
5.205026149749756
5.20487380027771
5.53171443939209
5.259056091308594
5.215559244155884
5.708131551742554
5.196385860443115
5.336008071899414
5.219300746917725
5.179326295852661
4.855310916900635
5.281139612197876
5.54571270942688
5.478853702545166
4.95611047744751
4.8937506675720215
