2.2401607036590576
2.1555442810058594
2.4021902084350586
2.292051315307617
2.4035391807556152
2.0433647632598877
2.150578737258911
2.3873558044433594
2.3397908210754395
2.296435594558716
2.300855875015259
2.109221935272217
2.1816437244415283
2.3372013568878174
2.153395652770996
2.368096113204956
2.306276798248291
2.100649833679199
2.149022102355957
2.1461777687072754
2.2335011959075928
2.035149335861206
2.209909439086914
2.143554925918579
2.267937421798706
2.0489635467529297
2.217693567276001
2.1815755367279053
2.099900007247925
2.06148362159729
