6.3593223094940186
4.87618350982666
5.293654203414917
5.932554006576538
5.207776069641113
5.291688919067383
5.640137195587158
5.944142818450928
5.163940191268921
5.554608106613159
5.51286768913269
5.253336668014526
5.9971253871917725
5.153441667556763
5.49381685256958
5.7381064891815186
5.060301065444946
5.630764007568359
5.381338596343994
5.553507566452026
6.795822858810425
6.3469483852386475
5.332337379455566
5.3246169090271
5.693148374557495
5.100517988204956
5.050194978713989
5.1032915115356445
5.37159276008606
5.340371131896973
