31.784306287765503
31.39770531654358
33.17340087890625
32.921030044555664
31.6612811088562
32.00065469741821
31.124964714050293
31.2498619556427
31.512478351593018
31.656745672225952
32.77856469154358
30.8828604221344
32.11573767662048
32.12166118621826
31.14062786102295
32.902050256729126
30.970566511154175
30.518893718719482
32.098639488220215
32.288010597229004
31.63318967819214
32.15047740936279
33.44358253479004
32.2671639919281
31.74415612220764
31.93838596343994
31.83244776725769
31.710029363632202
31.840264081954956
32.062981605529785
30.666395664215088
30.97428846359253
31.56754469871521
31.94778275489807
32.17353582382202
31.59924602508545
32.12900638580322
31.884790420532227
30.770546674728394
31.744062900543213
30.75618314743042
31.43111777305603
32.84973120689392
30.327159643173218
33.34972596168518
31.87759780883789
30.676393747329712
33.54970622062683
31.52456021308899
33.03760242462158
30.34720516204834
32.118993043899536
31.18913769721985
32.08723020553589
31.34663677215576
31.037535429000854
31.107138872146606
31.730161666870117
32.379902601242065
31.67101001739502
