3.5362143516540527
3.8627798557281494
3.71094012260437
3.6854324340820312
3.8254759311676025
3.5094456672668457
3.6675379276275635
3.9427080154418945
3.5390584468841553
3.6612629890441895
4.0063183307647705
3.9405598640441895
3.7569963932037354
3.71993350982666
3.5984368324279785
3.643446207046509
3.4140467643737793
3.2939140796661377
3.912578582763672
3.808382987976074
3.5379445552825928
3.9255869388580322
3.413137197494507
3.5193097591400146
3.78071928024292
3.8291072845458984
3.9009134769439697
3.660637140274048
3.449232816696167
3.9475958347320557
