963.7816417217255
1020.3333532810211
991.8311903476715
892.662618637085
989.137953042984
965.0286467075348
1003.6103210449219
751.3788373470306
993.4784376621246
997.8609192371368
759.9519078731537
976.4720153808594
742.3811285495758
748.6502666473389
947.8342752456665
881.2436199188232
741.4301903247833
978.1280844211578
806.8428621292114
835.1158912181854
999.8945276737213
914.1388952732086
820.849687576294
739.9470617771149
1008.8015995025635
875.0155889987946
804.4209396839142
838.5925216674805
737.8660979270935
911.0438809394836
