5.491465330123901
5.190217733383179
5.609884977340698
5.3147873878479
5.225247144699097
5.319429397583008
5.260488510131836
5.114688158035278
5.214819669723511
5.141247272491455
5.800915479660034
4.977114677429199
5.471429824829102
5.277046203613281
4.799485683441162
5.3553149700164795
5.011942625045776
4.980793476104736
5.291107416152954
5.225535869598389
5.2877466678619385
5.227744102478027
5.118903398513794
5.004333257675171
4.930516719818115
5.6069817543029785
5.194514989852905
4.895342826843262
5.424339294433594
5.583482027053833
