1.0241320133209229
0.9982423782348633
0.9467062950134277
0.9466893672943115
0.9818992614746094
1.0021038055419922
1.0398333072662354
1.1248981952667236
0.9271669387817383
0.9935250282287598
1.051985263824463
1.0302197933197021
0.9288640022277832
1.0469093322753906
1.0968194007873535
0.951784610748291
1.0870909690856934
1.0575602054595947
1.1906063556671143
1.0034136772155762
0.980705976486206
1.0683343410491943
0.9308412075042725
0.9802296161651611
1.0612566471099854
1.0860965251922607
0.9362959861755371
1.1168885231018066
0.9836883544921875
1.0199849605560303
