1.2294259071350098
1.270190715789795
1.2619125843048096
1.3622844219207764
1.2968099117279053
1.3927769660949707
1.9666719436645508
1.3497545719146729
1.2597365379333496
1.3651669025421143
1.3301000595092773
1.1702995300292969
1.476400375366211
1.3508591651916504
1.2548277378082275
1.267395257949829
1.6013586521148682
1.5302612781524658
1.4291300773620605
1.337568759918213
1.2842726707458496
1.3631556034088135
1.5897562503814697
1.2132878303527832
1.6872498989105225
1.3893005847930908
1.261422872543335
1.41416597366333
1.1830108165740967
1.3822102546691895
